#
# A fatal error has been detected by the Java Runtime Environment:
#
#  EXCEPTION_ACCESS_VIOLATION (0xc0000005) at pc=0x00007ffd3c77ea49, pid=4856, tid=0x0000000000004244
#
# JRE version: Java(TM) SE Runtime Environment (8.0_151-b12) (build 1.8.0_151-b12)
# Java VM: Java HotSpot(TM) 64-Bit Server VM (25.151-b12 mixed mode windows-amd64 compressed oops)
# Problematic frame:
# C  [lwjgl_opengl.dll+0xea49]
#
# Failed to write core dump. Minidumps are not enabled by default on client versions of Windows
#
# If you would like to submit a bug report, please visit:
#   http://bugreport.java.com/bugreport/crash.jsp
# The crash happened outside the Java Virtual Machine in native code.
# See problematic frame for where to report the bug.
#

---------------  T H R E A D  ---------------

Current thread (0x0000000002b83000):  JavaThread "Client" [_thread_in_native, id=16964, stack(0x00000000028c0000,0x00000000029c0000)]

siginfo: ExceptionCode=0xc0000005, reading address 0x00000000000003b0

Registers:
RAX=0x0000000071b51d50, RBX=0x0000000021d1d558, RCX=0x0000000000000000, RDX=0x00000000029bf188
RSP=0x00000000029bf0e8, RBP=0x00000000029bf178, RSI=0x0000000000000000, RDI=0x0000000000000001
R8 =0x0000000000000004, R9 =0x00000000028b7b10, R10=0x0000000002c97f48, R11=0x00000000715db4d0
R12=0x0000000000000000, R13=0x0000000021d1d550, R14=0x00000000029bf1b0, R15=0x0000000002b83000
RIP=0x00007ffd3c77ea49, EFLAGS=0x0000000000010206

Top of Stack: (sp=0x00000000029bf0e8)
0x00000000029bf0e8:   0000000002c97f74 0000000000000000
0x00000000029bf0f8:   0000000000000001 0000000000000001
0x00000000029bf108:   0000000002c97ceb 000000003f333333
0x00000000029bf118:   0000000000000000 0000000000000000
0x00000000029bf128:   0000000002b83000 0000000002c97ca2
0x00000000029bf138:   00000000029bf138 0000000021d1d550
0x00000000029bf148:   00000000029bf1b0 0000000021d50028
0x00000000029bf158:   0000000000000000 0000000021d1d558
0x00000000029bf168:   0000000000000000 00000000029bf198
0x00000000029bf178:   00000000029bf1f8 0000000002c8835d
0x00000000029bf188:   000000076dcc5b80 0000000002c919d8
0x00000000029bf198:   0000000000000000 000000003f333333
0x00000000029bf1a8:   000000073f19999a 000000073f000000
0x00000000029bf1b8:   00000000029bf1b8 000000001c5686d8
0x00000000029bf1c8:   00000000029bf210 000000001c569370
0x00000000029bf1d8:   0000000000000000 000000001c568798 

Instructions: (pc=0x00007ffd3c77ea49)
0x00007ffd3c77ea29:   48 ff a1 78 03 00 00 48 8b 01 0f 28 cb f3 0f 10
0x00007ffd3c77ea39:   5c 24 30 0f 28 c2 f3 0f 10 54 24 28 48 8b 48 18
0x00007ffd3c77ea49:   48 ff a1 b0 03 00 00 48 8b 01 0f 28 c2 48 8b 48
0x00007ffd3c77ea59:   18 48 ff a1 c8 03 00 00 cc cc cc cc cc cc cc cc 


Register to memory mapping:

RAX=0x0000000071b51d50 is an unknown value
RBX={method} {0x0000000021d1d560} 'glClearColor' '(FFFF)V' in 'org/lwjgl/opengl/GL11'
RCX=0x0000000000000000 is an unknown value
RDX=0x00000000029bf188 is pointing into the stack for thread: 0x0000000002b83000
RSP=0x00000000029bf0e8 is pointing into the stack for thread: 0x0000000002b83000
RBP=0x00000000029bf178 is pointing into the stack for thread: 0x0000000002b83000
RSI=0x0000000000000000 is an unknown value
RDI=0x0000000000000001 is an unknown value
R8 =0x0000000000000004 is an unknown value
R9 =0x00000000028b7b10 is an unknown value
R10=0x0000000002c97f48 is at code_begin+840 in an Interpreter codelet
method entry point (kind = native)  [0x0000000002c97c00, 0x0000000002c98560]  2400 bytes
R11=0x00000000715db4d0 is an unknown value
R12=0x0000000000000000 is an unknown value
R13=0x0000000021d1d550 is pointing into metadata
R14=0x00000000029bf1b0 is pointing into the stack for thread: 0x0000000002b83000
R15=0x0000000002b83000 is a thread


Stack: [0x00000000028c0000,0x00000000029c0000],  sp=0x00000000029bf0e8,  free space=1020k
Native frames: (J=compiled Java code, j=interpreted, Vv=VM code, C=native code)
C  [lwjgl_opengl.dll+0xea49]

Java frames: (J=compiled Java code, j=interpreted, Vv=VM code)
j  org.lwjgl.opengl.GL11.glClearColor(FFFF)V+0
j  ru.megains.old.TartessClient.startGame()V+40
j  ru.megains.old.TartessClient.run()V+1
j  ru.megains.tartess.StartClient$.delayedEndpoint$ru$megains$tartess$StartClient$1()V+38
j  ru.megains.tartess.StartClient$delayedInit$body.apply()Ljava/lang/Object;+4
j  scala.Function0.apply$mcV$sp()V+1
j  scala.Function0.apply$mcV$sp$(Lscala/Function0;)V+1
j  scala.runtime.AbstractFunction0.apply$mcV$sp()V+1
j  scala.App.$anonfun$main$1$adapted(Lscala/Function0;)Ljava/lang/Object;+1
j  scala.App$$Lambda$5.apply(Ljava/lang/Object;)Ljava/lang/Object;+4
j  scala.collection.immutable.List.foreach(Lscala/Function1;)V+14
j  scala.App.main([Ljava/lang/String;)V+33
j  scala.App.main$(Lscala/App;[Ljava/lang/String;)V+2
j  ru.megains.tartess.StartClient$.main([Ljava/lang/String;)V+2
j  ru.megains.tartess.StartClient.main([Ljava/lang/String;)V+4
v  ~StubRoutines::call_stub

---------------  P R O C E S S  ---------------

Java Threads: ( => current thread )
  0x000000001e244000 JavaThread "Service Thread" daemon [_thread_blocked, id=10904, stack(0x000000001fbd0000,0x000000001fcd0000)]
  0x000000001e22b000 JavaThread "C1 CompilerThread3" daemon [_thread_blocked, id=10448, stack(0x000000001fad0000,0x000000001fbd0000)]
  0x000000001e229000 JavaThread "C2 CompilerThread2" daemon [_thread_blocked, id=7036, stack(0x000000001f9d0000,0x000000001fad0000)]
  0x000000001e224800 JavaThread "C2 CompilerThread1" daemon [_thread_blocked, id=7076, stack(0x000000001f8d0000,0x000000001f9d0000)]
  0x000000001e221800 JavaThread "C2 CompilerThread0" daemon [_thread_blocked, id=10152, stack(0x000000001f7d0000,0x000000001f8d0000)]
  0x000000001e21a800 JavaThread "Monitor Ctrl-Break" daemon [_thread_in_native, id=1756, stack(0x000000001f6d0000,0x000000001f7d0000)]
  0x000000001e07e800 JavaThread "Attach Listener" daemon [_thread_blocked, id=10332, stack(0x000000001f5d0000,0x000000001f6d0000)]
  0x000000001e07d800 JavaThread "Signal Dispatcher" daemon [_thread_blocked, id=12092, stack(0x000000001f4d0000,0x000000001f5d0000)]
  0x000000001e063000 JavaThread "Finalizer" daemon [_thread_blocked, id=14348, stack(0x000000001f2d0000,0x000000001f3d0000)]
  0x000000001c98d000 JavaThread "Reference Handler" daemon [_thread_blocked, id=2876, stack(0x000000001f1d0000,0x000000001f2d0000)]
=>0x0000000002b83000 JavaThread "Client" [_thread_in_native, id=16964, stack(0x00000000028c0000,0x00000000029c0000)]

Other Threads:
  0x000000001e042800 VMThread [stack: 0x000000001f0d0000,0x000000001f1d0000] [id=5212]
  0x000000001e34f800 WatcherThread [stack: 0x000000001fcd0000,0x000000001fdd0000] [id=16752]

VM state:not at safepoint (normal execution)

VM Mutex/Monitor currently owned by a thread: None

Heap:
 PSYoungGen      total 76288K, used 51237K [0x000000076ae00000, 0x0000000770300000, 0x00000007c0000000)
  eden space 65536K, 78% used [0x000000076ae00000,0x000000076e009428,0x000000076ee00000)
  from space 10752K, 0% used [0x000000076f880000,0x000000076f880000,0x0000000770300000)
  to   space 10752K, 0% used [0x000000076ee00000,0x000000076ee00000,0x000000076f880000)
 ParOldGen       total 175104K, used 0K [0x00000006c0a00000, 0x00000006cb500000, 0x000000076ae00000)
  object space 175104K, 0% used [0x00000006c0a00000,0x00000006c0a00000,0x00000006cb500000)
 Metaspace       used 15302K, capacity 15578K, committed 15872K, reserved 1062912K
  class space    used 1837K, capacity 1947K, committed 2048K, reserved 1048576K

Card table byte_map: [0x0000000012040000,0x0000000012840000] byte_map_base: 0x000000000ea3b000

Marking Bits: (ParMarkBitMap*) 0x0000000071bcd850
 Begin Bits: [0x00000000137a0000, 0x0000000017778000)
 End Bits:   [0x0000000017778000, 0x000000001b750000)

Polling page: 0x0000000000a50000

CodeCache: size=245760Kb used=3656Kb max_used=3670Kb free=242103Kb
 bounds [0x0000000002c80000, 0x0000000003020000, 0x0000000011c80000]
 total_blobs=1439 nmethods=1006 adapters=346
 compilation: enabled

Compilation events (10 events):
Event: 0.592 Thread 0x000000001e229000 1002       4       sun.security.provider.SHA::implCompress (491 bytes)
Event: 0.594 Thread 0x000000001e22b000 1003       1       java.nio.HeapByteBuffer::ix (7 bytes)
Event: 0.595 Thread 0x000000001e22b000 nmethod 1003 0x0000000003013e10 code [0x0000000003013f60, 0x0000000003014070]
Event: 0.595 Thread 0x000000001e22b000 1004       3       sun.nio.fs.WindowsPathParser::isInvalidPathChar (22 bytes)
Event: 0.596 Thread 0x000000001e22b000 nmethod 1004 0x0000000003013850 code [0x00000000030139c0, 0x0000000003013d28]
Event: 0.596 Thread 0x000000001e22b000 1005       3       java.util.Formatter$Flags::contains (22 bytes)
Event: 0.596 Thread 0x000000001e22b000 nmethod 1005 0x0000000003013410 code [0x0000000003013580, 0x0000000003013790]
Event: 0.598 Thread 0x000000001e22b000 1006       3       jdk.internal.org.objectweb.asm.Label::<init> (5 bytes)
Event: 0.598 Thread 0x000000001e22b000 nmethod 1006 0x0000000003012650 code [0x00000000030127a0, 0x0000000003012950]
Event: 0.599 Thread 0x000000001e229000 nmethod 1002 0x0000000003016c90 code [0x0000000003016de0, 0x00000000030176e8]

GC Heap History (0 events):
No events

Deoptimization events (10 events):
Event: 0.393 Thread 0x0000000002b83000 Uncommon trap: reason=unstable_if action=reinterpret pc=0x0000000002ed5a78 method=java.util.HashMap.getNode(ILjava/lang/Object;)Ljava/util/HashMap$Node; @ 116
Event: 0.440 Thread 0x0000000002b83000 Uncommon trap: reason=null_check action=make_not_entrant pc=0x0000000002dad6e4 method=java.lang.String.equals(Ljava/lang/Object;)Z @ 8
Event: 0.462 Thread 0x0000000002b83000 Uncommon trap: reason=unstable_if action=reinterpret pc=0x0000000002f6e848 method=java.util.HashMap.getNode(ILjava/lang/Object;)Ljava/util/HashMap$Node; @ 129
Event: 0.462 Thread 0x0000000002b83000 Uncommon trap: reason=unstable_if action=reinterpret pc=0x0000000002f57c18 method=java.util.HashMap.getNode(ILjava/lang/Object;)Ljava/util/HashMap$Node; @ 129
Event: 0.464 Thread 0x0000000002b83000 Uncommon trap: reason=range_check action=make_not_entrant pc=0x0000000002f37828 method=sun.reflect.generics.parser.SignatureParser.current()C @ 34
Event: 0.506 Thread 0x0000000002b83000 Uncommon trap: reason=unstable_if action=reinterpret pc=0x0000000002e40b6c method=java.lang.String.indexOf([CII[CIII)I @ 3
Event: 0.526 Thread 0x0000000002b83000 Uncommon trap: reason=bimorphic action=maybe_recompile pc=0x0000000002f565c4 method=java.util.HashMap.putVal(ILjava/lang/Object;Ljava/lang/Object;ZZ)Ljava/lang/Object; @ 152
Event: 0.575 Thread 0x0000000002b83000 Uncommon trap: reason=bimorphic action=maybe_recompile pc=0x0000000002f565c4 method=java.util.HashMap.putVal(ILjava/lang/Object;Ljava/lang/Object;ZZ)Ljava/lang/Object; @ 152
Event: 0.575 Thread 0x0000000002b83000 Uncommon trap: reason=bimorphic action=maybe_recompile pc=0x0000000002f565c4 method=java.util.HashMap.putVal(ILjava/lang/Object;Ljava/lang/Object;ZZ)Ljava/lang/Object; @ 152
Event: 0.590 Thread 0x0000000002b83000 Uncommon trap: reason=bimorphic action=maybe_recompile pc=0x0000000002f565c4 method=java.util.HashMap.putVal(ILjava/lang/Object;Ljava/lang/Object;ZZ)Ljava/lang/Object; @ 152

Internal exceptions (10 events):
Event: 0.303 Thread 0x0000000002b83000 Exception <a 'java/security/PrivilegedActionException'> (0x000000076c0157f0) thrown at [C:\re\workspace\8-2-build-windows-amd64-cygwin\jdk8u151\9699\hotspot\src\share\vm\prims\jvm.cpp, line 1390]
Event: 0.303 Thread 0x0000000002b83000 Exception <a 'java/security/PrivilegedActionException'> (0x000000076c015be8) thrown at [C:\re\workspace\8-2-build-windows-amd64-cygwin\jdk8u151\9699\hotspot\src\share\vm\prims\jvm.cpp, line 1390]
Event: 0.303 Thread 0x0000000002b83000 Exception <a 'java/security/PrivilegedActionException'> (0x000000076c0174b0) thrown at [C:\re\workspace\8-2-build-windows-amd64-cygwin\jdk8u151\9699\hotspot\src\share\vm\prims\jvm.cpp, line 1390]
Event: 0.303 Thread 0x0000000002b83000 Exception <a 'java/security/PrivilegedActionException'> (0x000000076c0178a8) thrown at [C:\re\workspace\8-2-build-windows-amd64-cygwin\jdk8u151\9699\hotspot\src\share\vm\prims\jvm.cpp, line 1390]
Event: 0.440 Thread 0x0000000002b83000 Implicit null exception at 0x0000000002dad4d8 to 0x0000000002dad6d5
Event: 0.464 Thread 0x0000000002b83000 Exception <a 'java/lang/ArrayIndexOutOfBoundsException': 18> (0x000000076d434788) thrown at [C:\re\workspace\8-2-build-windows-amd64-cygwin\jdk8u151\9699\hotspot\src\share\vm\interpreter\interpreterRuntime.cpp, line 366]
Event: 0.464 Thread 0x0000000002b83000 Exception <a 'java/lang/ArrayIndexOutOfBoundsException': 110> (0x000000076d436528) thrown at [C:\re\workspace\8-2-build-windows-amd64-cygwin\jdk8u151\9699\hotspot\src\share\vm\interpreter\interpreterRuntime.cpp, line 366]
Event: 0.559 Thread 0x0000000002b83000 Exception <a 'java/lang/NoSuchMethodError': java.lang.Object.lambda$static$0(Ljava/lang/String;)Ljava/lang/Boolean;> (0x000000076ddcf9f0) thrown at [C:\re\workspace\8-2-build-windows-amd64-cygwin\jdk8u151\9699\hotspot\src\share\vm\interpreter\linkResolver
Event: 0.596 Thread 0x0000000002b83000 Exception <a 'sun/nio/fs/WindowsException'> (0x000000076dec7f48) thrown at [C:\re\workspace\8-2-build-windows-amd64-cygwin\jdk8u151\9699\hotspot\src\share\vm\prims\jni.cpp, line 709]
Event: 0.596 Thread 0x0000000002b83000 Exception <a 'sun/nio/fs/WindowsException'> (0x000000076dec9940) thrown at [C:\re\workspace\8-2-build-windows-amd64-cygwin\jdk8u151\9699\hotspot\src\share\vm\prims\jni.cpp, line 709]

Events (10 events):
Event: 0.601 loading class org/lwjgl/system/jni/JNINativeInterface
Event: 0.601 loading class org/lwjgl/system/jni/JNINativeInterface done
Event: 0.602 loading class org/lwjgl/system/windows/WinBase
Event: 0.602 loading class org/lwjgl/system/windows/WinBase done
Event: 0.603 loading class org/lwjgl/opengl/GL$1
Event: 0.603 loading class org/lwjgl/opengl/GL$1 done
Event: 0.603 loading class org/lwjgl/opengl/GL$SharedLibraryGL
Event: 0.603 loading class org/lwjgl/opengl/GL$SharedLibraryGL done
Event: 0.603 loading class org/lwjgl/system/SharedLibrary$Delegate
Event: 0.603 loading class org/lwjgl/system/SharedLibrary$Delegate done


Dynamic libraries:
0x00007ff675f20000 - 0x00007ff675f57000 	C:\Program Files\Java\jdk1.8.0_151\bin\java.exe
0x00007ffd54d00000 - 0x00007ffd54ee1000 	C:\WINDOWS\SYSTEM32\ntdll.dll
0x00007ffd52800000 - 0x00007ffd528b2000 	C:\WINDOWS\System32\KERNEL32.DLL
0x00007ffd519b0000 - 0x00007ffd51c23000 	C:\WINDOWS\System32\KERNELBASE.dll
0x00007ffd52b50000 - 0x00007ffd52bf1000 	C:\WINDOWS\System32\ADVAPI32.dll
0x00007ffd52e30000 - 0x00007ffd52ece000 	C:\WINDOWS\System32\msvcrt.dll
0x00007ffd54c70000 - 0x00007ffd54ccb000 	C:\WINDOWS\System32\sechost.dll
0x00007ffd52f30000 - 0x00007ffd53054000 	C:\WINDOWS\System32\RPCRT4.dll
0x00007ffd544a0000 - 0x00007ffd54630000 	C:\WINDOWS\System32\USER32.dll
0x00007ffd51230000 - 0x00007ffd51250000 	C:\WINDOWS\System32\win32u.dll
0x00007ffd52190000 - 0x00007ffd521b8000 	C:\WINDOWS\System32\GDI32.dll
0x00007ffd51ff0000 - 0x00007ffd52182000 	C:\WINDOWS\System32\gdi32full.dll
0x00007ffd51ce0000 - 0x00007ffd51d7f000 	C:\WINDOWS\System32\msvcp_win.dll
0x00007ffd510d0000 - 0x00007ffd511ca000 	C:\WINDOWS\System32\ucrtbase.dll
0x00007ffd45ff0000 - 0x00007ffd46259000 	C:\WINDOWS\WinSxS\amd64_microsoft.windows.common-controls_6595b64144ccf1df_6.0.17134.112_none_fb3f961b30681c12\COMCTL32.dll
0x00007ffd54630000 - 0x00007ffd54953000 	C:\WINDOWS\System32\combase.dll
0x00007ffd51f70000 - 0x00007ffd51fea000 	C:\WINDOWS\System32\bcryptPrimitives.dll
0x00007ffd52270000 - 0x00007ffd5229d000 	C:\WINDOWS\System32\IMM32.DLL
0x0000000071c50000 - 0x0000000071d22000 	C:\Program Files\Java\jdk1.8.0_151\jre\bin\msvcr100.dll
0x00000000713b0000 - 0x0000000071c4d000 	C:\Program Files\Java\jdk1.8.0_151\jre\bin\server\jvm.dll
0x00007ffd523a0000 - 0x00007ffd523a8000 	C:\WINDOWS\System32\PSAPI.DLL
0x00007ffd4b590000 - 0x00007ffd4b599000 	C:\WINDOWS\SYSTEM32\WSOCK32.dll
0x00007ffd52d60000 - 0x00007ffd52dcc000 	C:\WINDOWS\System32\WS2_32.dll
0x00007ffd48820000 - 0x00007ffd4882a000 	C:\WINDOWS\SYSTEM32\VERSION.dll
0x00007ffd46560000 - 0x00007ffd46583000 	C:\WINDOWS\SYSTEM32\WINMM.dll
0x00007ffd46260000 - 0x00007ffd4628a000 	C:\WINDOWS\SYSTEM32\winmmbase.dll
0x00007ffd51960000 - 0x00007ffd519a9000 	C:\WINDOWS\System32\cfgmgr32.dll
0x00000000713a0000 - 0x00000000713af000 	C:\Program Files\Java\jdk1.8.0_151\jre\bin\verify.dll
0x0000000071370000 - 0x0000000071399000 	C:\Program Files\Java\jdk1.8.0_151\jre\bin\java.dll
0x00000000712e0000 - 0x0000000071303000 	C:\Program Files\Java\jdk1.8.0_151\jre\bin\instrument.dll
0x0000000071350000 - 0x0000000071366000 	C:\Program Files\Java\jdk1.8.0_151\jre\bin\zip.dll
0x00007ffd53060000 - 0x00007ffd544a0000 	C:\WINDOWS\System32\SHELL32.dll
0x00007ffd521c0000 - 0x00007ffd52269000 	C:\WINDOWS\System32\shcore.dll
0x00007ffd51250000 - 0x00007ffd5195d000 	C:\WINDOWS\System32\windows.storage.dll
0x00007ffd52dd0000 - 0x00007ffd52e21000 	C:\WINDOWS\System32\shlwapi.dll
0x00007ffd51070000 - 0x00007ffd51081000 	C:\WINDOWS\System32\kernel.appcore.dll
0x00007ffd510b0000 - 0x00007ffd510cf000 	C:\WINDOWS\System32\profapi.dll
0x00007ffd51020000 - 0x00007ffd5106c000 	C:\WINDOWS\System32\powrprof.dll
0x00007ffd51010000 - 0x00007ffd5101a000 	C:\WINDOWS\System32\FLTLIB.DLL
0x00007ffd4b7a0000 - 0x00007ffd4b7ba000 	C:\Program Files\JetBrains\IntelliJ IDEA 2018.1.2\bin\breakgen64.dll
0x0000000071330000 - 0x000000007134a000 	C:\Program Files\Java\jdk1.8.0_151\jre\bin\net.dll
0x00007ffd50890000 - 0x00007ffd508f6000 	C:\WINDOWS\system32\mswsock.dll
0x00000000712b0000 - 0x00000000712bd000 	C:\Program Files\Java\jdk1.8.0_151\jre\bin\management.dll
0x00007ffd40c70000 - 0x00007ffd40c86000 	C:\WINDOWS\system32\napinsp.dll
0x00007ffd40670000 - 0x00007ffd4068a000 	C:\WINDOWS\system32\pnrpnsp.dll
0x00007ffd4d0c0000 - 0x00007ffd4d0d9000 	C:\WINDOWS\system32\NLAapi.dll
0x00007ffd50650000 - 0x00007ffd5070e000 	C:\WINDOWS\SYSTEM32\DNSAPI.dll
0x00007ffd54c60000 - 0x00007ffd54c68000 	C:\WINDOWS\System32\NSI.dll
0x00007ffd50610000 - 0x00007ffd50648000 	C:\WINDOWS\SYSTEM32\IPHLPAPI.DLL
0x00007ffd47590000 - 0x00007ffd4759e000 	C:\WINDOWS\System32\winrnr.dll
0x00007ffd4b4f0000 - 0x00007ffd4b4fa000 	C:\Windows\System32\rasadhlp.dll
0x00007ffd4c830000 - 0x00007ffd4c8a2000 	C:\WINDOWS\System32\fwpuclnt.dll
0x00007ffd50b70000 - 0x00007ffd50b95000 	C:\WINDOWS\SYSTEM32\bcrypt.dll
0x0000000071310000 - 0x0000000071321000 	C:\Program Files\Java\jdk1.8.0_151\jre\bin\nio.dll
0x00007ffd3e0e0000 - 0x00007ffd3e139000 	C:\Users\Bukka\AppData\Local\Temp\lwjglBukka\3.1.5-build-1\lwjgl.dll
0x00007ffd3c770000 - 0x00007ffd3c7cf000 	C:\Users\Bukka\AppData\Local\Temp\lwjglBukka\3.1.5-build-1\lwjgl_opengl.dll
0x00007ffd37790000 - 0x00007ffd378b0000 	C:\WINDOWS\SYSTEM32\opengl32.dll
0x00007ffd40ba0000 - 0x00007ffd40bcc000 	C:\WINDOWS\SYSTEM32\GLU32.dll
0x00007ffd4c8b0000 - 0x00007ffd4ca79000 	C:\WINDOWS\SYSTEM32\dbghelp.dll

VM Arguments:
jvm_args: -Dvisualvm.id=12579551311639 -javaagent:C:\Program Files\JetBrains\IntelliJ IDEA 2018.1.2\lib\idea_rt.jar=6962:C:\Program Files\JetBrains\IntelliJ IDEA 2018.1.2\bin -Dfile.encoding=UTF-8 
java_command: ru.megains.tartess.StartClient
java_class_path (initial): C:\Program Files\Java\jdk1.8.0_151\jre\lib\charsets.jar;C:\Program Files\Java\jdk1.8.0_151\jre\lib\deploy.jar;C:\Program Files\Java\jdk1.8.0_151\jre\lib\ext\access-bridge-64.jar;C:\Program Files\Java\jdk1.8.0_151\jre\lib\ext\cldrdata.jar;C:\Program Files\Java\jdk1.8.0_151\jre\lib\ext\dnsns.jar;C:\Program Files\Java\jdk1.8.0_151\jre\lib\ext\jaccess.jar;C:\Program Files\Java\jdk1.8.0_151\jre\lib\ext\jfxrt.jar;C:\Program Files\Java\jdk1.8.0_151\jre\lib\ext\localedata.jar;C:\Program Files\Java\jdk1.8.0_151\jre\lib\ext\nashorn.jar;C:\Program Files\Java\jdk1.8.0_151\jre\lib\ext\sunec.jar;C:\Program Files\Java\jdk1.8.0_151\jre\lib\ext\sunjce_provider.jar;C:\Program Files\Java\jdk1.8.0_151\jre\lib\ext\sunmscapi.jar;C:\Program Files\Java\jdk1.8.0_151\jre\lib\ext\sunpkcs11.jar;C:\Program Files\Java\jdk1.8.0_151\jre\lib\ext\zipfs.jar;C:\Program Files\Java\jdk1.8.0_151\jre\lib\javaws.jar;C:\Program Files\Java\jdk1.8.0_151\jre\lib\jce.jar;C:\Program Files\Java\jdk1.8.0_151\jre\lib\jfr.jar;C:\Program Files\Java\jdk1.8.0_151\jre\lib\jfxswt.jar;C:\Program Files\Java\jdk1.8.0_151\jre\lib\jsse.jar;C:\Program Files\Java\jdk1.8.0_151\jre\lib\management-agent.jar;C:\Program Files\Java\jdk1.8.0_151\jre\lib\plugin.jar;C:\Program Files\Java\jdk1.8.0_151\jre\lib\resources.jar;C:\Program Files\Java\jdk1.8.0_151\jre\lib\rt.jar;Z:\Tartess\Tartess3D\target\scala-2.12\classes;C:\Users\Bukka\.sbt\boot\scala-2.12.6\lib\scala-library.jar;C:\Users\Bukka\.sbt\boot\scala-2.12.6\lib\scala-reflect.jar;C:\Users\Bukka\.ivy2\cache\io.netty\netty-all\jars\netty-all-5.0.0.Alpha2.jar;C:\Users\Bukka\.ivy2\cache\org.apache.logging.log4j\log4j-api\jars\log4j-api-2.8.2.jar;C:\Users\Bukka\.ivy2\cache\org.apache.logging.log4j\log4j-core\jars\log4j-core-2.8.2.jar;C:\Users\Bukka\.ivy2\cache\org.javassist\javassist\bundles\javassist-3.18.1-GA.jar;C:\Users\Bukka\.ivy2\cache\org.joml\joml\jars\joml-1.9.0.jar;C:\Users\Bukka\.ivy2\cache\org.l33tlabs.twl\pngdecoder\jars\pngdecoder-1.0.jar;C:\Us
Launcher Type: SUN_STANDARD

Environment Variables:
JAVA_HOME=C:\Program Files\Java\jdk1.8.0_151
PATH=C:\Program Files\NVIDIA GPU Computing Toolkit\CUDA\v8.0\bin;C:\Program Files\NVIDIA GPU Computing Toolkit\CUDA\v8.0\libnvvp;C:\ProgramData\Oracle\Java\javapath;C:\WINDOWS\system32;C:\WINDOWS;C:\WINDOWS\System32\Wbem;C:\WINDOWS\System32\WindowsPowerShell\v1.0\;C:\Program Files\Java\jdk1.8.0_151\bin;C:\Program Files (x86)\NVIDIA Corporation\PhysX\Common;C:\Program Files\Git\cmd;C:\Program Files\TortoiseGit\bin;C:\Program Files\Maven\bin;C:\Program Files (x86)\Common Files\Acronis\SnapAPI\;C:\WINDOWS\system32;C:\WINDOWS;C:\WINDOWS\System32\Wbem;C:\WINDOWS\System32\WindowsPowerShell\v1.0\;C:\WINDOWS\System32\OpenSSH\;C:\Program Files (x86)\sbt\bin;C:\Users\Bukka\AppData\Local\Microsoft\WindowsApps;
USERNAME=Bukka
OS=Windows_NT
PROCESSOR_IDENTIFIER=Intel64 Family 6 Model 158 Stepping 10, GenuineIntel



---------------  S Y S T E M  ---------------

OS: Windows 10.0 , 64 bit Build 17134 (10.0.17134.1)

CPU:total 12 (initial active 12) (6 cores per cpu, 2 threads per core) family 6 model 158 stepping 10, cmov, cx8, fxsr, mmx, sse, sse2, sse3, ssse3, sse4.1, sse4.2, popcnt, avx, avx2, aes, clmul, erms, rtm, 3dnowpref, lzcnt, ht, tsc, tscinvbit, bmi1, bmi2, adx

Memory: 4k page, physical 16731032k(6314684k free), swap 25119640k(6005124k free)

vm_info: Java HotSpot(TM) 64-Bit Server VM (25.151-b12) for windows-amd64 JRE (1.8.0_151-b12), built on Sep  5 2017 19:33:46 by "java_re" with MS VC++ 10.0 (VS2010)

time: Thu Jun 14 21:04:13 2018
elapsed time: 0 seconds (0d 0h 0m 0s)

